[    0.000000] Initializing cgroup subsys cpuset
[    0.000000] Initializing cgroup subsys cpu
[    0.000000] Initializing cgroup subsys cpuacct
[    0.000000] Linux version 4.4.0-101-generic (buildd@lcy01-amd64-006) (gcc version 5.4.0 20160609 (Ubuntu 5.4.0-6ubuntu1~16.04.5) ) #124-Ubuntu SMP Fri Nov 10 18:29:59 UTC 2017 (Ubuntu 4.4.0-101.124-generic 4.4.95)
[    0.000000] Command line: BOOT_IMAGE=/boot/vmlinuz-4.4.0-101-generic root=LABEL=cloudimg-rootfs ro console=tty1 console=ttyS0
[    0.000000] KERNEL supported cpus:
[    0.000000]   Intel GenuineIntel
[    0.000000]   AMD AuthenticAMD
[    0.000000]   Centaur CentaurHauls
[    0.000000] x86/fpu: xstate_offset[2]:  576, xstate_sizes[2]:  256
[    0.000000] x86/fpu: Supporting XSAVE feature 0x01: 'x87 floating point registers'
[    0.000000] x86/fpu: Supporting XSAVE feature 0x02: 'SSE registers'
[    0.000000] x86/fpu: Supporting XSAVE feature 0x04: 'AVX registers'
<<<<<<< HEAD
[    0.000000] x86/fpu: naled xstate feaures 0x7, context size is 832 bytes, using 'standard' format.
=======
[    0.000000] x86/fpu: Enabled xstate features 0x7, context size is 832 bytes, using 'standard' format.
>>>>>>> 342cf52d2a85cc0f28b93efa0c6fc6cd84a1812f
[    0.000000] x86/fpu: Using 'lazy' FPU context switches.
[    0.000000] e820: BIOS-provided physical RAM map:
[    0.000000] BIOS-e820: [mem 0x0000000000000000-0x000000000009fbff] usable
[    0.000000] BIOS-e820: [mem 0x000000000009fc00-0x000000000009ffff] reserved
<<<<<<< HEAD
[    0.000000] BIOS-e80: [mem 0x00000000000f0000-0x00000000000fffff] reserved
=======
[    0.000000] BIOS-e820: [mem 0x00000000000f0000-0x00000000000fffff] reserved
>>>>>>> 342cf52d2a85cc0f28b93efa0c6fc6cd84a1812f
[    0.000000] BIOS-e820: [mem 0x0000000000100000-0x000000003ffeffff] usable
[    0.000000] BIOS-e820: [mem 0x000000003fff0000-0x000000003fffffff] ACPI data
[    0.000000] BIOS-e820: [mem 0x00000000fec00000-0x00000000fec00fff] reserved
[    0.000000] BIOS-e820: [mem 0x00000000fee00000-0x00000000fee00fff] reserved
[    0.000000] BIOS-e820: [mem 0x00000000fffc0000-0x00000000ffffffff] reserved
[    0.000000] NX (Execute Disable) protection: active
[    0.000000] SMBIOS 2.5 present.
[    0.000000] Hypervisor detected: KVM
[    0.000000] e820: last_pfn = 0x3fff0 max_arch_pfn = 0x400000000
[    0.000000] MTRR: Disabled
[    0.000000] x86/PAT: MTRRs disabled, skipping PAT initialization too.
[    0.000000] CPU MTRRs all blank - virtualized system.
[    0.000000] x86/PAT: Configuration [0-7]: WB  WT  UC- UC  WB  WT  UC- UC  
[    0.000000] found SMP MP-table at [mem 0x0009fff0-0x0009ffff] mapped at [ffff88000009fff0]
[    0.000000] Scanning 1 areas for low memory corruption
[    0.000000] RAMDISK: [mem 0x36ad4000-0x37561fff]
[    0.000000] ACPI: Early table checksum verification disabled
[    0.000000] ACPI: RSDP 0x00000000000E0000 000024 (v02 VBOX  )
[    0.000000] ACPI: XSDT 0x000000003FFF0030 00003C (v01 VBOX   VBOXXSDT 00000001 ASL  00000061)
[    0.000000] ACPI: FACP 0x000000003FFF00F0 0000F4 (v04 VBOX   VBOXFACP 00000001 ASL  00000061)
<<<<<<< HEAD
[    0.000000] ACPI: DSDT 0x000000003FFF0470 0021FF (v02 VBOX   VBOXBIOS 00000002 INTL 20160108)
[    0.000000] ACPI: FACS 0x000000003FFF0200 000040
[    0.000000] ACPI: FACS 0x000000003FFF0200 000040
[    0.000000] ACPI: APIC 0x000000003FFF0240 00005C (v02 VBOX   VBOXAPIC 00000001 ASL  00000061)
[    0.000000] ACPI: SSDT 0x000000003FFF02A0 0001CC (v01 VBOX   VBOXCPUT 00000002 INTL 20160108)
=======
[    0.000000] ACPI: DSDT 0x000000003FFF0470 0021FF (v02 VBOX   VBOXBIOS 00000002 INTL 20100528)
[    0.000000] ACPI: FACS 0x000000003FFF0200 000040
[    0.000000] ACPI: FACS 0x000000003FFF0200 000040
[    0.000000] ACPI: APIC 0x000000003FFF0240 00005C (v02 VBOX   VBOXAPIC 00000001 ASL  00000061)
[    0.000000] ACPI: SSDT 0x000000003FFF02A0 0001CC (v01 VBOX   VBOXCPUT 00000002 INTL 20100528)
>>>>>>> 342cf52d2a85cc0f28b93efa0c6fc6cd84a1812f
[    0.000000] No NUMA configuration found
[    0.000000] Faking a node at [mem 0x0000000000000000-0x000000003ffeffff]
[    0.000000] NODE_DATA(0) allocated [mem 0x3ffeb000-0x3ffeffff]
[    0.000000] kvm-clock: Using msrs 4b564d01 and 4b564d00
[    0.000000] kvm-clock: cpu 0, msr 0:3ffe3001, primary cpu clock
<<<<<<< HEAD
[    0.000000] kvm-clock: using sched offset of 3479198058 cycles
=======
[    0.000000] kvm-clock: using sched offset of 3809200811 cycles
>>>>>>> 342cf52d2a85cc0f28b93efa0c6fc6cd84a1812f
[    0.000000] clocksource: kvm-clock: mask: 0xffffffffffffffff max_cycles: 0x1cd42e4dffb, max_idle_ns: 881590591483 ns
[    0.000000] Zone ranges:
[    0.000000]   DMA      [mem 0x0000000000001000-0x0000000000ffffff]
[    0.000000]   DMA32    [mem 0x0000000001000000-0x000000003ffeffff]
[    0.000000]   Normal   empty
[    0.000000]   Device   empty
[    0.000000] Movable zone start for each node
[    0.000000] Early memory node ranges
[    0.000000]   node   0: [mem 0x0000000000001000-0x000000000009efff]
[    0.000000]   node   0: [mem 0x0000000000100000-0x000000003ffeffff]
[    0.000000] Initmem setup node 0 [mem 0x0000000000001000-0x000000003ffeffff]
[    0.000000] ACPI: PM-Timer IO Port: 0x4008
[    0.000000] IOAPIC[0]: apic_id 2, version 32, address 0xfec00000, GSI 0-23
[    0.000000] ACPI: INT_SRC_OVR (bus 0 bus_irq 0 global_irq 2 dfl dfl)
<<<<<<< HEAD
[    0.000000] ACPI: INT_SRC_OVR (bus 0 bus_irq 9 global_irq 9 low level)
=======
[    0.000000] ACPI: INT_SRC_OVR (bus 0 bus_irq 9 global_irq 9 high level)
>>>>>>> 342cf52d2a85cc0f28b93efa0c6fc6cd84a1812f
[    0.000000] Using ACPI (MADT) for SMP configuration information
[    0.000000] smpboot: Allowing 2 CPUs, 0 hotplug CPUs
[    0.000000] PM: Registered nosave memory: [mem 0x00000000-0x00000fff]
[    0.000000] PM: Registered nosave memory: [mem 0x0009f000-0x0009ffff]
[    0.000000] PM: Registered nosave memory: [mem 0x000a0000-0x000effff]
[    0.000000] PM: Registered nosave memory: [mem 0x000f0000-0x000fffff]
[    0.000000] e820: [mem 0x40000000-0xfebfffff] available for PCI devices
[    0.000000] Booting paravirtualized kernel on KVM
[    0.000000] clocksource: refined-jiffies: mask: 0xffffffff max_cycles: 0xffffffff, max_idle_ns: 7645519600211568 ns
[    0.000000] setup_percpu: NR_CPUS:512 nr_cpumask_bits:512 nr_cpu_ids:2 nr_node_ids:1
[    0.000000] PERCPU: Embedded 34 pages/cpu @ffff88003fc00000 s98328 r8192 d32744 u1048576
[    0.000000] PV qspinlock hash table entries: 256 (order: 0, 4096 bytes)
[    0.000000] Built 1 zonelists in Node order, mobility grouping on.  Total pages: 257913
[    0.000000] Policy zone: DMA32
[    0.000000] Kernel command line: BOOT_IMAGE=/boot/vmlinuz-4.4.0-101-generic root=LABEL=cloudimg-rootfs ro console=tty1 console=ttyS0
[    0.000000] PID hash table entries: 4096 (order: 3, 32768 bytes)
<<<<<<< HEAD
[    0.000000] Memory: 1001756K/1048120K available (8484K kernel code, 1294K rwdata, 3988K rodata, 1492K iit 1316K bss, 46364K reserved, 0K cma-reserved)
=======
[    0.000000] Memory: 1001756K/1048120K available (8484K kernel code, 1294K rwdata, 3988K rodata, 1492K init, 1316K bss, 46364K reserved, 0K cma-reserved)
>>>>>>> 342cf52d2a85cc0f28b93efa0c6fc6cd84a1812f
[    0.000000] SLUB: HWalign=64, Order=0-3, MinObjects=0, CPUs=2, Nodes=1
[    0.000000] Hierarchical RCU implementation.
[    0.000000] 	Build-time adjustment of leaf fanout to 64.
[    0.000000] 	RCU restricting CPUs from NR_CPUS=512 to nr_cpu_ids=2.
[    0.000000] RCU: Adjusting geometry for rcu_fanout_leaf=64, nr_cpu_ids=2
[    0.000000] NR_IRQS:33024 nr_irqs:440 16
[    0.000000] Console: colour VGA+ 80x25
[    0.000000] console [tty1] enabled
[    0.000000] console [ttyS0] enabled
<<<<<<< HEAD
[    0.000000] tsc: Detected 1895.611 MHz processor
[    1.108353] Calibrating delay loop (skipped) preset value.. 3791.22 BogoMIPS (lpj=7582444)
[    1.110374] pid_max: default: 32768 minimum: 301
[    1.111448] ACPI: Core revision 20150930
[    1.113847] ACPI: 2 ACPI AML tables successfully acquired and loaded
[    1.115375] Security Framework initialized
[    1.116388] Yama: becoming mindful.
[    1.117295] AppArmor: AppArmor initialized
[    1.118402] Dentry cache hash table entries: 131072 (order: 8, 1048576 bytes)
[    1.120073] Inode-cache hash table entries: 65536 (order: 7, 524288 bytes)
[    1.122232] Mount-cache hash table entries: 2048 (order: 2, 16384 bytes)
[    1.123657] Mountpoint-cache hash table entries: 2048 (order: 2, 16384 bytes)
[    1.125315] Initializing cgroup subsys io
[    1.126302] Initializing cgroup subsys memory
[    1.127330] Initializing cgroup subsys devices
[    1.128399] Initializing cgroup subsys freezer
[    1.129435] Initializing cgroup subsys net_cls
[    1.165427] Initializing cgroup subsys perf_event
[    1.166522] Initializing cgroup subsys net_prio
[    1.167591] Initializing cgroup subsys hugetlb
[    1.168642] Initializing cgroup subsys pids
[    1.169760] CPU: Physical Processor ID: 0
[    1.170732] CPU: Processor Core ID: 0
[    1.172776] mce: CPU supports 0 MCE banks
[    1.173781] Last level iTLB entries: 4KB 1024, 2MB 1024, 4MB 1024
[    1.175076] Last level dTLB entries: 4KB 1024, 2MB 1024, 4MB 1024, 1GB 4
[    1.179003] Freeing SMP alternatives memory: 32K
[    1.190864] ftrace: allocating 32156 entries in 126 pages
[    1.247270] smpboot: APIC(0) Converting physical 0 to logical package 0
[    1.357777] smpboot: Max logical packages: 1
[    1.378949] x2apic enabled
[    1.400046] Switched APIC routing to physical x2apic.
[    1.426870] ..TIMER: vector=0x30 apic1=0 pin1=2 apic2=-1 pin2=-1
[    1.535309] smpboot: CPU0: Intel(R) Core(TM) i3-4030U CPU @ 1.90GHz (family: 0x6, model: 0x45, stepping: 0x1)
[    1.569703] Performance Events: unsupported p6 CPU model 69 no PMU driver, software events only.
[    1.571907] KVM setup paravirtual spinlock
[    1.606382] x86: Booting SMP configuration:
[    1.662867] .... node  #0, CPUs:      #1
[    1.663946] kvm-clock: cpu 1, msr 0:3ffe3041, secondary cpu clock
[    1.666237] mce: CPU supports 0 MCE banks
[    1.668973] x86: Booted up 1 node, 2 CPUs
[    1.710762] smpboot: Total of 2 processors activated (7582.44 BogoMIPS)
[    1.764692] devtmpfs: initialized
[    1.785933] evm: security.selinux
[    1.786809] evm: security.SMACK64
[    1.787687] evm: security.SMACK64EXEC
[    1.788608] evm: security.SMACK64TRANSMUTE
[    1.789603] evm: security.SMACK64MMAP
[    1.790522] evm: security.ima
[    1.791342] evm: security.capability
[    1.792467] clocksource: jiffies: mask: 0xffffffff max_cycles: 0xffffffff, max_idle_ns: 7645041785100000 ns
[    1.794669] futex hash table entries: 512 (order: 3, 32768 bytes)
[    1.796145] pinctrl core: initialized pinctrl subsystem
[    1.797469] RTC time: 14:00:34, date: 12/04/17
[    1.799329] NET: Registered protocol family 16
[    1.811236] cpuidle: using governor ladder
[    1.867803] cpuidle: using governor menu
[    1.884643] PCCT header not found.
[    1.885755] ACPI: bus type PCI registered
[    1.888241] acpiphp: ACPI Hot Plug PCI Controller Driver version: 0.5
[    1.890017] PCI: Using configuration type 1 for base access
[    1.904700] ACPI: Added _OSI(Module Device)
[    1.961813] ACPI: Added _OSI(Processor Device)
[    1.964261] ACPI: Added _OSI(3.0 _SCP Extensions)
[    1.965358] ACPI: Added _OSI(Processor Aggregator Device)
[    1.967475] ACPI: Executed 1 blocks of module-level executable AML code
[    1.971677] ACPI: Interpreter enabled
[    2.026975] ACPI: (supports S0 S5)
[    2.028008] ACPI: Using IOAPIC for interrupt routing
[    2.034881] PCI: Using host bridge windows from ACPI; if necessary, use "pci=nocrs" and report a bug
[    2.108323] ACPI: PCI Root Bridge [PCI0] (domain 0000 [bus 00-ff])
[    2.135854] acpi PNP0A03:00: _OSC: OS supports [ASPM ClockPM Segments MSI]
[    2.137311] acpi PNP0A03:00: _OSC: not requesting OS control; OS requires [ExtendedConfig ASPM ClockPM MSI]
[    2.139510] acpi PNP0A03:00: fail to add MMCONFIG information, can't access extended PCI configuration space under this bridge.
[    2.142303] PCI host bridge to bus 0000:00
[    2.143315] pci_bus 0000:00: root bus resource [io  0x0000-0x0cf7 window]
[    2.144728] pci_bus 0000:00: root bus resource [io  0x0d00-0xffff window]
[    2.146158] pci_bus 0000:00: root bus resource [mem 0x000a0000-0x000bffff window]
[    2.147959] pci_bus 0000:00: root bus resource [mem 0x40000000-0xfdffffff window]
[    2.149768] pci_bus 0000:00: root bus resource [bus 00-ff]
[    2.152867] pci 0000:00:01.1: legacy IDE quirk: reg 0x10: [io  0x01f0-0x01f7]
[    2.154351] pci 0000:00:01.1: legacy IDE quirk: reg 0x14: [io  0x03f6]
[    2.155732] pci 0000:00:01.1: legacy IDE quirk: reg 0x18: [io  0x0170-0x0177]
[    2.157205] pci 0000:00:01.1: legacy IDE quirk: reg 0x1c: [io  0x0376]
[    2.182404] pci 0000:00:07.0: quirk: [io  0x4000-0x403f] claimed by PIIX4 ACPI
[    2.266491] pci 0000:00:07.0: quirk: [io  0x4100-0x410f] claimed by PIIX4 SMB
[    2.282953] ACPI: PCI Interrupt Link [LNKA] (IRQs 5 9 10 *11)
[    2.302456] ACPI: PCI Interrupt Link [LNKB] (IRQs 5 9 *10 11)
[    2.305989] ACPI: PCI Interrupt Link [LNKC] (IRQs 5 *9 10 11)
[    2.309228] ACPI: PCI Interrupt Link [LNKD] (IRQs 5 9 10 *11)
[    2.320751] ACPI: Enabled 2 GPEs in block 00 to 07
[    2.340612] vgaarb: setting as boot device: PCI:0000:00:02.0
[    2.343961] vgaarb: device added: PCI:0000:00:02.0,decodes=io+mem,owns=io+mem,locks=none
[    2.345868] vgaarb: loaded
[    2.346642] vgaarb: bridge control possible 0000:00:02.0
[    2.364624] SCSI subsystem initialized
[    2.403472] ACPI: bus type USB registered
[    2.440221] usbcore: registered new interface driver usbfs
[    2.463701] usbcore: registered new interface driver hub
[    2.464905] usbcore: registered new device driver usb
[    2.466365] PCI: Using ACPI for IRQ routing
[    2.502650] NetLabel: Initializing
[    2.524022] NetLabel:  domain hash size = 128
[    2.525064] NetLabel:  protocols = UNLABELED CIPSOv4
[    2.526229] NetLabel:  unlabeled traffic allowed by default
[    2.527615] amd_nb: Cannot enumerate AMD northbridges
[    2.528788] clocksource: Switched to clocksource kvm-clock
[    2.539150] AppArmor: AppArmor Filesystem Enabled
[    2.623080] pnp: PnP ACPI init
[    2.624864 pnp: PnP ACPI: found 3 devices

[   6648clksrc ai_: mask: 0xffffff max_cycles: 0xffffff, max_idle_ns: 2085701024 ns
[   2138NE Rgistered protocol family 2
[    3.53358TCesblhe hh blenie 82 rdr:  636yt)
[  4126]CPinha tlentes81 (de 5 11072 bytes)
[  55678] TCP: Hash tables configured (established 8192 bind 8192)
[    5.573363] UDP hash table entries: 512 (order: 2, 16384 bytes)
[    5.574665] UDP-Lite hash table entries: 512 (order: 2, 16384 bytes)
[    5.576065] NET: Registered protocol family 1
[    5.577131] pci 0000:00:00.0: Limiting direct PCI/PCI transfers
[   5711 p 00::00:ctatg A A ang workarounds
  6.1361] Unpacking initramfs...

[    9.074164] Freeing initrd memory: 10808K
[    9.093215] RAPL PMU detected, API unit is 2^-32 Joules, 4 fixed counters 10737418240 ms ovfl timer
[    9.095312] hw unit of domain pp0-core 2^-0 Joules
[    9.101697] hw unit of domain package 2^-0 Joules
[    9.102835] hw unit of domain dram 2^-0 Joules
[    9.103870] hw unit of domain pp1-gpu 2^-0 Joules
[    9.105077] platform rtc_cmos: registered platform RTC device (no PNP device found)
[    9.106945] Scanning for low memory corruption every 60 seconds
[    9.108768] audit: initializing netlink subsys (disabled)
[    9.110080] audit: type=2000 audit(1512396044.382:1): initialized
[    9.111772] Initialise system trusted keyring
[    9.113399] HugeTLB registered 2 MB page size, pre-allocated 0 pages
[    9.116743] zbud: loaded
[    9.118966] VFS: Disk quotas dquot_6.6.0
[    9.119979] VFS: Dquot-cache hash table entries: 512 (order 0, 4096 bytes)
[    9.121795] squashfs: version 4.0 (2009/01/31) Phillip Lougher
[    9.123503] fuse init (API version 7.23)
[    9.124690] Key type big_key registered
[    9.125717] Allocating IMA MOK and blacklist keyrings.
[    9.128235] Key type asymmetric registered
[    9.135794] Asymmetric key parser 'x509' registered
[    9.137172] Block layer SCSI generic (bsg) driver version 0.4 loaded (major 249)
[    9.139356] io scheduler noop registered
[    9.140481] io scheduler deadline registered (default)
[    9.141932] io scheduler cfq registered
[    9.144763] pci_hotplug: PCI Hot Plug PCI Core version: 0.5
[    9.146615] pciehp: PCI Express Hot Plug Controller Driver version: 0.4
[    9.148409] ACPI: AC Adapter [AC] (on-line)
[    9.149690] input: Power Button as /devices/LNXSYSTM:00/LNXPWRBN:00/input/input0
[    9.154314] ACPI: Power Button [PWRF]
[    9.155461] input: Sleep Button as /devices/LNXSYSTM:00/LNXSLPBN:00/input/input1
[   9.157520] ACPI: Sleep Button [SLPF]
[    9.223487] GHES: HEST is not enabled!
[    9.224258] ACPI: Battery Slot [BAT0] (battery present)
[    9.226241] Serial: 8250/16550 driver, 32 ports, IRQ sharing enabled
[   .2563]00:02: ttyS0 at I/O 0x3f8 (irq = 4, base_baud = 115200) is a 16550A

[    9.405005] Linux agpgart interface v0.103
[    9.416679] loop: module loaded
[    9.423869] scsi host0: ata_piix
[    9.424917] scsi host1: ata_piix
[    9.425845] ata1: PATA max UDMA/33 cmd 0x1f0 ctl 0x3f6 bmdma 0xd000 irq 14
[    9.427269] ata2: PATA max UDMA/33 cmd 0x170 ctl 0x376 bmdma 0xd008 irq 15
[    9.428845] libphy: Fixed MDIO Bus: probed
[    9.437808] tun: Universal TUN/TAP device driver, 1.6
[    9.483182] tun: (C) 1999-2004 Max Krasnyansky <maxk@qualcomm.com>
[    9.512935] PPP generic driver version 2.4.2
[    9.533236] ehci_hcd: USB 2.0 'Enhanced' Host Controller (EHCI) Driver
[    9.550090] ehci-pci: EHCI PCI platform driver
[    9.551179] ehci-platform: EHCI generic platform driver
[    9.552426] ohci_hcd: USB 1.1 'Open' Host Controller (OHCI) Driver
[    9.553784] ohci-pci: OHCI PCI platform driver
[    9.554849] ohci-platform: OHCI generic platform driver
[    9.556022] uhci_hcd: USB Universal Host Controller Interface driver
[    9.557440] i8042: PNP: PS/2 Controller [PNP0303:PS2K,PNP0f03:PS2M] at 0x60,0x64 irq 1,12
[    9.587264] serio: i8042 KBD port at 0x60,0x64 irq 1
[    9.588401] serio: i8042 AUX port at 0x60,0x64 irq 12
[    9.589860] mousedev: PS/2 mouse device common for all mice
[    9.618332] input: AT Translated Set 2 keyboard as /devices/platform/i8042/serio0/input/input2
[    9.623552] rtc_cmos rtc_cmos: rtc core: registered rtc_cmos as rtc0
[    9.625243] rtc_cmos rtc_cmos: alarms up to one day, 114 bytes nvram
[    9.63336] i2c /dev entries driver
[    9.663138] device-mapper: uevent: version 1.0.3

[    9.665061] device-mapper: ioctl: 4.34.0-ioctl (2015-10-28) initialised: dm-devel@redhat.com
[    9.667220] ledtrig-cpu: registered to indicate activity on CPUs
[    9.723805] NET: Registered protocol family 10
[    9.789747] NET: Registered protocol family 17
[    9.805711] Key type dns_resolver registered
[    9.806997] microcode: CPU0 sig=0x40651, pf=0x40, revision=0x0
[    9.808295] microcode: CPU1 sig=0x40651, pf=0x40, revision=0x0
[    9.809875] microcode: Microcode Update Driver: v2.01 <tigran@aivazian.fsnet.co.uk>, Peter Oruba
[    9.846415] registered taskstats version 1
[    9.869723] Loading compiled-in X.509 certificates
[    9.871799] Loaded X.509 cert 'Build time autogenerated kernel key: f91c6829a34a801956ec6287af569c0a1f1f8d39'
[    9.874056] zswap: loaded using pool lzo/zbud
[    9.877254] Key type trusted registered
[    9.886868] Key type encrypted registered
[    9.889806] AppArmor: AppArmor sha1 policy hashing enabled
[    9.891013] ima: No TPM chip found, activating TPM-bypass!
[    9.892232] evm: HMAC attrs: 0x1
[    9.893482]   Magic number: 13:781:29
[    9.929540] rtc_cmos rtc_cmos: setting system clock to 2017-12-04 14:00:42 UTC (1512396042)
[    9.979558] BIOS EDD facility v0.16 2004-Jun-25, 0 devices found
[    9.980870] EDD information not available.
[    9.983600] Freeing unused kernel memory: 1492K
[    9.985895] Write protecting the kernel read-only data: 14336k
[    9.987849] Freeing unused kernel memory: 1744K
[    9.989309] Freeing unused kernel memory: 108K
Loading, please wait...
starting version[   10.089802] random: systemd-udevd: uninitialized urandom read (16 bytes read, 2 bits of entropy available)
 229
[   10.090773] random: udevadm: uninitialized urandom read (16 bytes read, 2 bits of entropy available)
[   10.090800] random: udevadm: uninitialized urandom read (16 bytes read, 2 bits of entropy available)
[   10.101196] random: udevadm: uninitialized urandom read (16 bytes read, 2 bits of entropy available)
[   10.101243] random: udevadm: uninitialized urandom read (16 bytes read, 2 bits of entropy available)
[   10.101392] random: udevadm: uninitialized urandom read (16 bytes read, 2 bits of entropy available)
[   10.101452] random: udevadm: uninitialized urandom read (16 bytes read, 2 bits of entropy available)
[   10.101505] random: udevadm: uninitialized urandom read (16 bytes read, 2 bits of entropy available)
[   10.101558] random: udevadm: uninitialized urandom read (16 bytes read, 2 bits of entropy available)
[   10.101672] random: udevadm: uninitialized urandom read (16 bytes read, 2 bits of entropy available)
[   10.150665] tsc: Refined TSC clocksource calibration: 1896.008 MHz
[   10.151980] clocksource: tsc: mask: 0xffffffffffffffff max_cycles: 0x36a8e1c3797, max_idle_ns: 881590739073 ns
[   10.194624] e1000: Intel(R) PRO/1000 Network Driver - version 7.3.21-k8-NAPI
[   10.212157] e1000: Copyright (c) 1999-2006 Intel Corporation.
[   10.244865] Fusion MPT base driver 3.04.20
[   10.294378] Copyright (c) 1999-2008 LSI Corporation
[   10.310397] Fusion MPT SPI Host driver 3.04.20
[   10.334951] AVX2 version of gcm_enc/dec engaged.
[   10.341665] AES CTR mode by8 optimization enabled
[   10.552065] input: ImExPS/2 Generic Explorer Mouse as /devices/platform/i8042/serio1/input/input4
[   10.659768] e1000 0000:00:03.0 eth0: (PCI:33MHz:32-bit) 02:b9:83:f0:a4:db
[   10.678024] e1000 0000:00:03.0 eth0: Intel(R) PRO/1000 Network Connection
[   10.680379] mptbase: ioc0: Initiating bringup
[   10.993123] ioc0: LSI53C1030 A0: Capabilities={Initiator}
[   11.982761] scsi host2: ioc0: LSI53C1030 A0, FwRev=00000000h, Ports=1, MaxQ=256, IRQ=20
[   12.293150] scsi 2:0:0:0: Direct-Access     VBOX     HARDDISK         1.0  PQ: 0 ANSI: 5
[   12.967777] scsi target2:0:0: Beginning Domain Validation
[   12.969976] scsi target2:0:0: Domain Validation skipping write tests
[   12.978254] scsi target2:0:0: Ending Domain Validation
[   12.990580] scsi target2:0:0: asynchronous
[   13.007673] scsi 2:0:1:0: Direct-Access     VBOX     HARDDISK         1.0  PQ: 0 ANSI: 5
[   13.035354] scsi target2:0:1: Beginning Domain Validation
[   13.043173] scsi target2:0:1: Domain Validation skipping write tests
[   13.045974] scsi target2:0:1: Ending Domain Validation
[   13.047451] scsi target2:0:1: asynchronous
[   13.066025] sd 2:0:0:0: Attached scsi generic sg0 type 0
[   13.068628] sd 2:0:0:0: [sda] 20971520 512-byte logical blocks: (10.7 GB/10.0 GiB)
[   13.071620] sd 2:0:1:0: Attached scsi generic sg1 type 0
[   13.073299] sd 2:0:0:0: [sda] Write Protect is off
[   13.076009] sd 2:0:1:0: [sdb] 20480 512-byte logical blocks: (10.5 MB/10.0 MiB)
[   13.078320] sd 2:0:0:0: [sda] Incomplete mode parameter data
[   13.079899] sd 2:0:0:0: [sda] Assuming drive cache: write through
[   13.081730] sd 2:0:1:0: [sdb] Write Protect is off
[   13.083223] sd 2:0:1:0: [sdb] Incomplete mode parameter data
[   13.084754] sd 2:0:1:0: [sdb] Assuming drive cache: write through
[   13.153829]  sda: sda1
[   13.156649] sd 2:0:0:0: [sda] Attached SCSI disk
[   13.164588] sd 2:0:1:0: [sdb] Attached SCSI disk
[   13.218707] floppy0: no floppy controllers found
[   13.345341] e1000 0000:00:08.0 eth1: (PCI:33MHz:32-bit) 08:00:27:cb:35:5f
[   13.490249] e1000 0000:00:08.0 eth1: Intel(R) PRO/1000 Network Connection
[   13.492993] e1000 0000:00:03.0 enp0s3: renamed from eth0
[   13.513450] e1000 0000:00:08.0 enp0s8: renamed from eth1
Begin: Loading essential drivers ... [   14.999751] md: linear personality registered for level -1
[   15.006650] md: multipath personality registered for level -4
[   15.196680] md: raid0 personality registered for level 0
[   15.225874] md: raid1 personality registered for level 1
[   15.300824] raid6: sse2x1   gen()  5902 MB/s
[   15.484829] raid6: sse2x1   xor()  4623 MB/s
[   15.600833] raid6: sse2x2   gen()  7317 MB/s
[   15.788828] raid6: sse2x2   xor()  5013 MB/s
[   15.968831] raid6: sse2x4   gen()  8561 MB/s
[   16.160838] raid6: sse2x4   xor()  6060 MB/s
[   16.312831] raid6: avx2x1   gen() 10899 MB/s
[   16.384850] raid6: avx2x2   gen() 13564 MB/s
[   16.456845] raid6: avx2x4   gen() 15709 MB/s
[   16.461987] raid6: using algorithm avx2x4 gen() 15709 MB/s
[   16.463402] raid6: using avx2x2 recovery algorithm
[   16.466846] xor: automatically using best checksumming function:
[   16.625079]    avx       : 29562.000 MB/sec
[   16.634331] async_tx: api initialized (async)
[   16.651966] md: raid6 personality registered for level 6
[   16.658511] md: raid5 personality registered for level 5
[   16.666369] md: raid4 personality registered for level 4
[   16.674921] md: raid10 personality registered for level 10
done.
Begin: Running /scripts/init-premount ... done.
Begin: Mounting root file system ... Begin: Running /scripts/local-top ... done.
Begin: Running /scripts/local-premount ... [   16.746503] Btrfs loaded
Scanning for Btrfs filesystems
done.
Warning: fsck not present, so skipping root file system
[   16.844350] EXT4-fs (sda1): mounted filesystem with ordered data mode. Opts: (null)
done.
Begin: Running /scripts/local-bottom ... done.
Begin: Running /scripts/init-bottom ... done.
[   17.519833] systemd[1]: systemd 229 running in system mode. (+PAM +AUDIT +SELINUX +IMA +APPARMOR +SMACK +SYSVINIT +UTMP +LIBCRYPTSETUP +GCRYPT +GNUTLS +ACL +XZ -LZ4 +SECCOMP +BLKID +ELFUTILS +KMOD -IDN)
[   17.671109] systemd[1]: Detected virtualization oracle.
[   17.672333] systemd[1]: Detected architecture x86-64.

Welcome to [1mUbuntu 16.04.3 LTS[0m!

[   17.751341] systemd[1]: Set hostname to <ubuntu-xenial>.
[   18.364403] random: nonblocking pool is initialized
[   18.944551] systemd[1]: Reached target User and Group Name Lookups.
[[0;32m  OK  [0m] Reached target User and Group Name Lookups.
[   18.954081] systemd[1]: Listening on Journal Audit Socket.
[[0;32m  OK  [0m] Listening on Journal Audit Socket.
[   18.958779] systemd[1]: Reached target Swap.
[[0;32m  OK  [0m] Reached target Swap.
[   18.960997] systemd[1]: Listening on Device-mapper event daemon FIFOs.
[[0;32m  OK  [0m] Listening on Device-mapper event daemon FIFOs.
[   18.964270] systemd[1]: Listening on Journal Socket (/dev/log).
[[0;32m  OK  [0m] Listening on Journal Socket (/dev/log).
[   18.968006] systemd[1]: Created slice User and Session Slice.
[[0;32m  OK  [0m] Created slice User and Session Slice.
[   18.971271] systemd[1]: Listening on udev Control Socket.
[[0;32m  OK  [0m] Listening on udev Control Socket.
[   19.018732] systemd[1]: Listening on LVM2 metadata daemon socket.
[[0;32m  OK  [0m] Listening on LVM2 metadata daemon socket.
[   19.023872] systemd[1]: Listening on Journal Socket.
[[0;32m  OK  [0m] Listening on Journal Socket.
[   19.207360] systemd[1]: Listening on /dev/initctl Compatibility Named Pipe.
[[0;32m  OK  [0m] Listening on /dev/initctl Compatibility Named Pipe.
[   19.210477] systemd[1]: Listening on LVM2 poll daemon socket.
[[0;32m  OK  [0m] Listening on LVM2 poll daemon socket.
[   19.213274] systemd[1]: Listening on udev Kernel Socket.
[[0;32m  OK  [0m] Listening on udev Kernel Socket.
[   19.393699] systemd[1]: Set up automount Arbitrary Executable File Formats File System Automount Point.
[[0;32m  OK  [0m] Set up automount Arbitrary Executab...ats File System Automount Point.
[   19.426468] systemd[1]: Created slice System Slice.
[[0;32m  OK  [0m] Created slice System Slice.
[   19.469369] systemd[1]: Starting Monitoring of LVM2 mirrors, snapshots etc. using dmeventd or progress polling...
         Starting Monitoring of LVM2 mirrors... dmeventd or progress polling...
[   19.525558] systemd[1]: Starting Nameserver information manager...
         Starting Nameserver information manager...
[   19.593545] systemd[1]: Created slice system-serial\x2dgetty.slice.
[[0;32m  OK  [0m] Created slice system-serial\x2dgetty.slice.
[   19.668342] systemd[1]: Mounting Huge Pages File System...
         Mounting Huge Pages File System...
[   19.736423] systemd[1]: Starting Uncomplicated firewall...
         Starting Uncomplicated firewall...
[   19.752875] systemd[1]: Reached target Slices.
[[0;32m  OK  [0m] Reached target Slices.
[   19.761574] systemd[1]: Starting Load Kernel Modules...
         Starting Load Kernel Modules...
[   19.793176] systemd[1]: Mounting Debug File System...
         Mounting Debug File System...
[   19.809310] systemd[1]: Mounting POSIX Message Queue File System...
         Mounting POSIX Message Queue File System...
[   19.813868] systemd[1]: Started Forward Password Requests to Wall Directory Watch.
[[0;32m  OK  [0m] Started Forward Password Requests to Wall Directory Watch.
[   19.822429] systemd[1]: Starting Set console keymap...
         Starting Set console keymap...
[   19.857861] systemd[1]: Starting Remount Root and Kernel File Systems...
[   19.871653] Loading iSCSI transport class v2.0-870.
         Starting Remount Root and Kernel File Systems...
[   19.876711] systemd[1]: Reached target Encrypted Volumes.
[[0;32m  OK  [0m] Reached target Encrypted Volumes.
[   19.899735] systemd[1]: Listening on Syslog Socket.
[[0;32m  OK  [0m] Listening on Syslog Socket.
[   19.910978] EXT4-fs (sda1): re-mounted. Opts: (null)
[   19.933613] iscsi: registered transport (tcp)
[   19.941157] systemd[1]: Starting Journal Service...
         Starting Journal Service...
[   19.960195] systemd[1]: Starting Create list of required static device nodes for the current kernel...
         Starting Create list of required st... nodes for the current kernel...
[   20.005865] systemd[1]: Started Trigger resolvconf update for networkd DNS.
[[0;32m  OK  [0m] Started Trigger resolvconf update for networkd DNS.
[   20.078317] systemd[1]: Mounted POSIX Message Queue File System.
[[0;32m  OK  [0m] Mounted POSIX Message Queue File System.
[   20.125261] systemd[1]: Mounted Huge Pages File System.
[[0;32m  OK  [0m] Mounted Huge Pages File System.
[   20.156842] systemd[1]: Mounted Debug File System.
[[0;32m  OK  [0m] Mounted Debug File System.
[   20.205464] iscsi: registered transport (iser)
[   20.274235] systemd[1]: Started Uncomplicated firewall.
[[0;32m  OK  [0m] Started Uncomplicated firewall.
[   2.362] systemd[1]: Started Load Kernel Modules.
[[0;32m  OK  [0m] Started Load Kernel Modules.
[   20.466643] systemd[1]: Started Set console keymap.
[[0;32m  OK  [0m] Started Set console keymap.
[   20.469764] systemd[1]: Started Remount Root and Kernel File Systems.
[[0;32m  OK  [0m] Started Remount Root and Kernel File Systems.
[   20.474157] systemd[1]: Started Create list of required static device nodes for the current kernel.
[[0;32m  OK  [0m] Started Create list of required sta...ce nodes for the current kernel.
[   20.541154] systemd[1]: Started Nameserver information manager.
=======
[    0.000000] tsc: Detected 2494.316 MHz processor
[    5.192119] Calibrating delay loop (skipped) preset value.. 4988.63 BogoMIPS (lpj=9977264)
[    5.278557] pid_max: default: 32768 minimum: 301
[    5.298145] ACPI: Core revision 20150930
[    5.322016] ACPI: 2 ACPI AML tables successfully acquired and loaded
[    5.350447] Security Framework initialized
[    5.351746] Yama: becoming mindful.
[    5.373813] AppArmor: AppArmor initialized
[    5.380781] Dentry cache hash table entries: 131072 (order: 8, 1048576 bytes)
[    5.419187] Inode-cache hash table entries: 65536 (order: 7, 524288 bytes)
[    5.424860] Mount-cache hash table entries: 2048 (order: 2, 16384 bytes)
[    5.445931] Mountpoint-cache hash table entries: 2048 (order: 2, 16384 bytes)
[    5.509534] Initializing cgroup subsys io
[    5.559468] Initializing cgroup subsys memory
[    5.575777] Initializing cgroup subsys devices
[    5.633871] Initializing cgroup subsys freezer
[    5.640666] Initializing cgroup subsys net_cls
[    5.679696] Initializing cgroup subsys perf_event
[    5.690229] Initializing cgroup subsys net_prio
[    5.691541] Initializing cgroup subsys hugetlb
[    5.692811] Initializing cgroup subsys pids
[    5.745298] CPU: Physical Processor ID: 0
[    5.803875] CPU: Processor Core ID: 0
[    5.815014] mce: CPU supports 0 MCE banks
[    5.869618] Last level iTLB entries: 4KB 512, 2MB 8, 4MB 8
[    5.933402] Last level dTLB entries: 4KB 512, 2MB 32, 4MB 32, 1GB 0
[    5.988459] Freeing SMP alternatives memory: 32K
[    6.056600] ftrace: allocating 32156 entries in 126 pages
[    6.142339] smpboot: APIC(0) Converting physical 0 to logical package 0
[    6.168375] smpboot: Max logical packages: 1
[    6.192769] x2apic enabled
[    6.215213] Switched APIC routing to physical x2apic.
[    6.231670] ..TIMER: vector=0x30 apic1=0 pin1=2 apic2=-1 pin2=-1
[    6.360586] APIC calibration not consistent with PM-Timer: 102ms instead of 100ms
[    6.391912] APIC delta adjusted to PM-Timer: 6227998 (6390034)
[    6.408142] smpboot: CPU0: Intel(R) Core(TM) i5-3210M CPU @ 2.50GHz (family: 0x6, model: 0x3a, stepping: 0x9)
[    6.525677] Performance Events: unsupported p6 CPU model 58 no PMU driver, software events only.
[    6.585496] KVM setup paravirtual spinlock
[    6.593582] x86: Booting SMP configuration:
[    6.615486] .... node  #0, CPUs:      #1
[    6.635543] kvm-clock: cpu 1, msr 0:3ffe3041, secondary cpu clock
[    6.776033] mce: CPU supports 0 MCE banks
[    6.802541] x86: Booted up 1 node, 2 CPUs
[    6.812828] smpboot: Total of 2 processors activated (9977.26 BogoMIPS)
[    6.830193] devtmpfs: initialized
[    6.839049] evm: security.selinux
[    6.866988] evm: security.SMACK64
[    6.869907] evm: security.SMACK64EXEC
[    6.884739] evm: security.SMACK64TRANSMUTE
[    6.904996] evm: security.SMACK64MMAP
[    6.922263] evm: security.ima
[    6.943202] evm: security.capability
[    6.957029] clocksource: jiffies: mask: 0xffffffff max_cycles: 0xffffffff, max_idle_ns: 7645041785100000 ns
[    6.991489] futex hash table entries: 512 (order: 3, 32768 bytes)
[    7.002954] pinctrl core: initialized pinctrl subsystem
[    7.039203] RTC time: 13:20:48, date: 12/04/17
[    7.062080] NET: Registered protocol family 16
[    7.089808] cpuidle: using governor ladder
[    7.115063] cpuidle: using governor menu
[    7.133952] PCCT header not found.
[    7.162018] ACPI: bus type PCI registered
[    7.208228] acpiphp: ACPI Hot Plug PCI Controller Driver version: 0.5
[    7.215894] PCI: Using configuration type1 for base access
[    7.382086] ACPI: Added _OSI(Module Device)
[    7.422211] ACPI: Added _OSI(Processor Device)
[    7.464563] ACPI: Added _OSI(3.0 _SCP Extensions)
[    7.505715] ACPI: Added _OSI(Processor Aggregator Device)
[    7.530966] ACPI: Executed 1 blocks of module-level executable AML code
[    7.576837] ACPI: Interpreter enabled
[    7.621108] ACPI: (supports S0 S5)
[    7.664132] ACPI: Using IOAPIC for interrupt routing
[    7.714172] PCI: Using host bridge windows from ACPI; if necessary, use "pci=nocrs" and report a bug
[    7.770107] ACPI: PCI Root Bridge [PCI0] (domain 0000 [bus 00-ff])
[    7.829827] acpi PNP0A03:00: _OSC: OS supports [ASPM ClockPM Segments MSI]
[    7.884666] acpi PNP0A03:00: _OSC: not requesting OS control; OS requires [ExtendedConfig ASPM ClockPM MSI]
[    7.921575] acpi PNP0A03:00: fail to add MMCONFIG information, can't access extended PCI configuration space under this bridge.
[    7.936461] PCI host bridge to bus 0000:00
[    7.951963] pci_bus 0000:00: root bus resource [io  0x0000-0x0cf7 window]
[    7.993500] pci_bus 0000:00: root bus resource [io  0x0d00-0xffff window]
[    8.008291] pci_bus 0000:00: root bus resource [mem 0x000a0000-0x000bffff window]
[    8.032813] pci_bus 0000:00: root bus resource [mem 0x40000000-0xffdfffff window]
[    8.139455] pci_bus 0000:00: root bus resource [bus 00-ff]
[    8.184506] pci 0000:00:01.1: legacy IDE quirk: reg 0x10: [io  0x01f0-0x01f7]
[    8.231852] pci 0000:00:01.1: legacy IDE quirk: reg 0x14: [io  0x03f6]
[    8.275473] pci 0000:00:01.1: legacy IDE quirk: reg 0x18: [io  0x0170-0x0177]
[    8.345113] pci 0000:00:01.1: legacy IDE quirk: reg 0x1c: [io  0x0376]
[    8.398651] pci 0000:00:07.0: quirk: [io  0x4000-0x403f] claimed by PIIX4 ACPI
[    8.507604] pci 0000:00:07.0: quirk: [io  0x4100-0x410f] claimed by PIIX4 SMB
[    8.582870] ACPI: PCI Interrupt Link [LNKA] (IRQs 5 9 10 *11)
[    8.646563] ACPI: PCI Interrupt Link [LNKB] (IRQs 5 9 10 *11)
[    8.715731] ACPI: PCI Interrupt Link [LNKC] (IRQs 5 9 *10 11)
[    8.778063] ACPI: PCI Interrupt Link [LNKD] (IRQs 5 *9 10 11)
[    8.794488] ACPI: Enabled 2 GPEs in block 00 to 07
[    8.850776] vgaarb: setting as boot device: PCI:0000:00:02.0
[    8.902109] vgaarb: device added: PCI:0000:00:02.0,decodes=io+mem,owns=io+mem,locks=none
[    8.988752] vgaarb: loaded
[    9.029804] vgaarb: bridge control possible 0000:00:02.0
[    9.097954] SCSI subsystem initialized
[    9.119975] ACPI: bus type USB registered
[    9.136985] usbcore: registered new interface driver usbfs
[    9.170799] usbcore: registered new interface driver hub
[    9.220527] usbcore: registered new device driver usb
[    9.278024] PCI: Using ACPI for IRQ routing
[    9.362763] NetLabel: Initializing
[    9.434963] NetLabel:  domain hash size = 128
[    9.492704] NetLabel:  protocols = UNLABELED CIPSOv4
[    9.585631] NetLabel:  unlabeled traffic allowed by default
[    9.618368] amd_nb: Cannot enumerate AMD northbridges
[    9.651222] clocksource: Switched to clocksource kvm-clock
[    9.741567] AppArmor: AppArmor Filesystem Enabled
[    9.841709] pnp: PnP ACPI init
[    9.885738] pnp: PnP ACPI: found 3 devices
[   10.001649] clocksource: acpi_pm: mask: 0xffffff max_cycles: 0xffffff, max_idle_ns: 2085701024 ns
[   10.016566] NET: Registered protocol family 2
[   10.113262] TCP established hash table entries: 8192 (order: 4, 65536 bytes)
[   10.275523] TCP bind hash table entries: 8192 (order: 5, 131072 bytes)
[   10.334667] TCP: Hash tables configured (established 8192 bind 8192)
[   10.391886] UDP hash table entries: 512 (order: 2, 16384 bytes)
[   10.523875] UDP-Lite hash table entries: 512 (order: 2, 16384 bytes)
[   10.619238] NET: Registered protocol family 1
[   10.631222] pci 0000:00:00.0: Limiting direct PCI/PCI transfers
[   10.636426] pci 0000:00:01.0: Activating ISA DMA hang workarounds
[   10.684546] Unpacking initramfs...
[   12.753352] Freeing initrd memory: 10808K
[   12.810541] RAPL PMU detected, API unit is 2^-32 Joules, 3 fixed counters 10737418240 ms ovfl timer
[   12.948636] hw unit of domain pp0-core 2^-0 Joules
[   13.005205] hw unit of domain package 2^-0 Joules
[   13.068259] hw unit of domain pp1-gpu 2^-0 Joules
[   13.141546] platform rtc_cmos: registered platform RTC device (no PNP device found)
[   13.253450] Scanning for low memory corruption every 60 seconds
[   13.319440] audit: initializing netlink subsys (disabled)
[   13.412029] audit: type=2000 audit(1512393651.313:1): initialized
[   13.492327] Initialise system trusted keyring
[   13.505566] HugeTLB registered 2 MB page size, pre-allocated 0 pages
[   13.594299] zbud: loaded
[   13.613096] VFS: Disk quotas dquot_6.6.0
[   13.666948] VFS: Dquot-cache hash table entries: 512 (order 0, 4096 bytes)
[   13.820463] squashfs: version 4.0 (2009/01/31) Phillip Lougher
[   13.930145] fuse init (API version 7.23)
[   13.990571] Key type big_key registered
[   13.994782] Allocating IMA MOK and blacklist keyrings.
[   14.013299] Key type asymmetric registered
[   14.080694] Asymmetric key parser 'x509' registered
[   14.141675] tsc: Refined TSC clocksource calibration: 2493.446 MHz
[   14.249924] clocksource: tsc: mask: 0xffffffffffffffff max_cycles: 0x23f10a92c9b, max_idle_ns: 440795316186 ns
[   14.250067] Block layer SCSI generic (bsg) driver version 0.4 loaded (major 249)
 ÿ[   14.250120] io scheduler noop registered
[   14.250123] io scheduler deadline registered (default)
[   14.250160] io scheduler cfq registered
[   14.250342] pci_hotplug: PCI Hot Plug PCI Core version: 0.5
[   14.250349] pciehp: PCI Express Hot Plug Controller Driver version: 0.4
[   14.250747] ACPI: AC Adapter [AC] (on-line)
[   14.250806] input: Power Button as /devices/LNXSYSTM:00/LNXPWRBN:00/input/input0
[   14.250809] ACPI: Power Button [PWRF]
[   14.250909] input: Sleep Button as /devices/LNXSYSTM:00/LNXSLPBN:00/input/input1
[   14.250911] ACPI: Sleep Button [SLPF]
[   14.251101] GHES: HEST is not enabled!
[   14.252438] ACPI: Battery Slot [BAT0] (battery present)
[   14.339327] Serial: 8250/16550 driver, 32 ports, IRQ sharing enabled
[   14.534480] 00:02: ttyS0 at I/O 0x3f8 (irq = 4, base_baud = 115200) is a 16550A
[   14.558238] Linux agpgart interface v0.103
[   14.703539] loop: module loaded
[   14.704347] scsi host0: ata_piix
[   14.704440] scsi host1: ata_piix
[   14.704488] ata1: PATA max UDMA/33 cmd 0x1f0 ctl 0x3f6 bmdma 0xd000 irq 14
[   14.704489] ata2: PATA max UDMA/33 cmd 0x170 ctl 0x376 bmdma 0xd008 irq 15
[   14.704601] libphy: Fixed MDIO Bus: probed
[   14.704605] tun: Universal TUN/TAP device driver, 1.6
[   14.704605] tun: (C) 1999-2004 Max Krasnyansky <maxk@qualcomm.com>
[   14.705146] PPP generic driver version 2.4.2
[   14.705217] ehci_hcd: USB 2.0 'Enhanced' Host Controller (EHCI) Driver
[   14.705222] ehci-pci: EHCI PCI platform driver
[   14.705243] ehci-platform: EHCI generic platform driver
[   14.705252] ohci_hcd: USB 1.1 'Open' Host Controller (OHCI) Driver
[   14.705256] ohci-pci: OHCI PCI platform driver
[   14.705266] ohci-platform: OHCI generic platform driver
[   14.705274] uhci_hcd: USB Universal Host Controller Interface driver
[   14.705337] i8042: PNP: PS/2 Controller [PNP0303:PS2K,PNP0f03:PS2M] at 0x60,0x64 irq 1,12
[   14.771259] serio: i8042 KBD port at 0x60,0x64 irq 1
[   14.771266] serio: i8042 AUX port at 0x60,0x64 irq 12
[   14.771419] mousedev: PS/2 mouse device common for all mice
[   14.771999] rtc_cmos rtc_cmos: rtc core: registered rtc_cmos as rtc0
[   14.772065] rtc_cmos rtc_cmos: alarms up to one day, 114 bytes nvram
[   14.772074] i2c /dev entries driver
[   14.772139] device-mapper: uevent: version 1.0.3
[   14.772202] device-mapper: ioctl: 4.34.0-ioctl (2015-10-28) initialised: dm-devel@redhat.com
[   14.772219] ledtrig-cpu: registered to indicate activity on CPUs
[   14.772522] NET: Registered protocol family 10
[   14.772686] NET: Registered protocol family 17
[   14.772695] Key type dns_resolver registered
[   14.854496] microcode: CPU0 sig=0x306a9, pf=0x2, revision=0x19
[   14.854574] microcode: CPU1 sig=0x306a9, pf=0x2, revision=0x19
[   14.854649] microcode: Microcode Update Driver: v2.01 <tigran@aivazian.fsnet.co.uk>, Peter Oruba
[   14.854814] registered taskstats version 1
[   14.854832] Loading compiled-in X.509 certificates
[   14.855616] Loaded X.509 cert 'Build time autogenerated kernel key: f91c6829a34a801956ec6287af569c0a1f1f8d39'
[   14.855643] zswap: loaded using pool lzo/zbud
[   14.857289] Key type trusted registered
[   14.860144] Key type encrypted registered
[   14.860152] AppArmor: AppArmor sha1 policy hashing enabled
[   14.860156] ima: No TPM chip found, activating TPM-bypass!
[   14.860178] evm: HMAC attrs: 0x1
[   14.860622]   Magic number: 13:984:330
[   14.860643] tty tty51: hash matches
[   14.919881] rtc_cmos rtc_cmos: setting system clock to 2017-12-04 13:20:56 UTC (1512393656)
[   14.920082] BIOS EDD facility v0.16 2004-Jun-25, 0 devices found
[   14.920082] EDD information not available.
[   15.348256] input: AT Translated Set 2 keyboard as /devices/platform/i8042/serio0/input/input2
[   17.927474] Freeing unused kernel memory: 1492K
[   18.028515] Write protecting the kernel read-only data: 14336k
[   18.121250] Freeing unused kernel memory: 1744K
[   18.229811] Freeing unused kernel memory: 108K
Loading, please wait...
starting version[   18.355897] random: systemd-udevd: uninitialized urandom read (16 bytes read, 4 bits of entropy available)
 229
[   18.356551] random: udevadm: uninitialized urandom read (16 bytes read, 4 bits of entropy available)
[   18.356573] random: udevadm: uninitialized urandom read (16 bytes read, 4 bits of entropy available)
[   18.365466] random: udevadm: uninitialized urandom read (16 bytes read, 4 bits of entropy available)
[   18.365507] random: udevadm: uninitialized urandom read (16 bytes read, 4 bits of entropy available)
[   18.365641] random: udevadm: uninitialized urandom read (16 bytes read, 4 bits of entropy available)
[   18.365694] random: udevadm: uninitialized urandom read (16 bytes read, 4 bits of entropy available)
[   18.365747] random: udevadm: uninitialized urandom read (16 bytes read, 4 bits of entropy available)
[   18.365799] random: udevadm: uninitialized urandom read (16 bytes read, 4 bits of entropy available)
[   18.365849] random: udevadm: uninitialized urandom read (16 bytes read, 4 bits of entropy available)
[   19.350044] e1000: Intel(R) PRO/1000 Network Driver - version 7.3.21-k8-NAPI
[   19.373628] e1000: Copyright (c) 1999-2006 Intel Corporation.
[   19.383150] Fusion MPT base driver 3.04.20
[   19.400084] Copyright (c) 1999-2008 LSI Corporation
[   19.456065] Fusion MPT SPI Host driver 3.04.20
[   19.484242] AVX version of gcm_enc/dec engaged.
[   19.512745] AES CTR mode by8 optimization enabled
[   19.648841] input: ImExPS/2 Generic Explorer Mouse as /devices/platform/i8042/serio1/input/input4
[   19.874715] e1000 0000:00:03.0 eth0: (PCI:33MHz:32-bit) 02:b9:83:f0:a4:db
[   19.959940] e1000 0000:00:03.0 eth0: Intel(R) PRO/1000 Network Connection
[   20.489289] e1000 0000:00:08.0 eth1: (PCI:33MHz:32-bit) 08:00:27:ca:60:0c
[   20.545901] e1000 0000:00:08.0 eth1: Intel(R) PRO/1000 Network Connection
[   20.562835] e1000 0000:00:03.0 enp0s3: renamed from eth0
[   20.609932] mptbase: ioc0: Initiating bringup
[   20.648725] e1000 0000:00:08.0 enp0s8: renamed from eth1
[   20.703893] ioc0: LSI53C1030 A0: Capabilities={Initiator}
[   20.921902] scsi host2: ioc0: LSI53C1030 A0, FwRev=00000000h, Ports=1, MaxQ=256, IRQ=20
[   21.160594] scsi 2:0:0:0: Direct-Access     VBOX     HARDDISK         1.0  PQ: 0 ANSI: 5
[   21.288386] scsi target2:0:0: Beginning Domain Validation
[   21.363119] scsi target2:0:0: Domain Validation skipping write tests
[   21.433978] scsi target2:0:0: Ending Domain Validation
[   21.463126] scsi target2:0:0: asynchronous
[   21.485652] scsi 2:0:1:0: Direct-Access     VBOX     HARDDISK         1.0  PQ: 0 ANSI: 5
[   21.551029] scsi target2:0:1: Beginning Domain Validation
[   21.582510] scsi target2:0:1: Domain Validation skipping write tests
[   21.692936] scsi target2:0:1: Ending Domain Validation
[   21.818813] scsi target2:0:1: asynchronous
[   21.877246] sd 2:0:0:0: Attached scsi generic sg0 type 0
[   21.998615] sd 2:0:0:0: [sda] 20971520 512-byte logical blocks: (10.7 GB/10.0 GiB)
[   22.140076] sd 2:0:1:0: Attached scsi generic sg1 type 0
[   22.140533] sd 2:0:1:0: [sdb] 20480 512-byte logical blocks: (10.5 MB/10.0 MiB)
[   22.140704] sd 2:0:1:0: [sdb] Write Protect is off
[   22.140859] sd 2:0:1:0: [sdb] Incomplete mode parameter data
[   22.140860] sd 2:0:1:0: [sdb] Assuming drive cache: write through
[   22.180080] sd 2:0:0:0: [sda] Write Protect is off
[   22.180244] sd 2:0:0:0: [sda] Incomplete mode parameter data
[   22.180246] sd 2:0:0:0: [sda] Assuming drive cache: write through
[   22.192430]  sda: sda1
[   22.194348] sd 2:0:1:0: [sdb] Attached SCSI disk
[   22.194360] sd 2:0:0:0: [sda] Attached SCSI disk
[   22.477881] floppy0: no floppy controllers found
[   22.477969] work still pending
Begin: Loading essential drivers[   24.235558] md: linear personality registered for level -1
 ... [   24.303561] md: multipath personality registered for level -4
[   24.376817] md: raid0 personality registered for level 0
[   24.528246] md: raid1 personality registered for level 1
[   24.679884] raid6: sse2x1   gen()  2231 MB/s
[   24.765384] raid6: sse2x1   xor()  3023 MB/s
[   24.843748] raid6: sse2x2   gen()  7019 MB/s
[   24.951435] raid6: sse2x2   xor()  6602 MB/s
[   25.031332] raid6: sse2x4   gen() 10102 MB/s
[   25.163391] raid6: sse2x4   xor()  8233 MB/s
[   25.183082] raid6: using algorithm sse2x4 gen() 10102 MB/s
[   25.207528] raid6: .... xor() 8233 MB/s, rmw enabled
[   25.210485] raid6: using ssse3x2 recovery algorithm
[   25.218517] xor: automatically using best checksumming function:
[   25.368038]    avx       : 37802.000 MB/sec
[   25.413687] async_tx: api initialized (async)
[   25.557924] md: raid6 personality registered for level 6
[   25.659928] md: raid5 personality registered for level 5
[   25.724361] md: raid4 personality registered for level 4
[   25.736431] md: raid10 personality registered for level 10
done.
Begin: Running /scripts/init-premount ... done.
Begin: Mounting root file system ... Begin: Running /scripts/local-top ... done.
Begin: [   25.827449] Btrfs loaded
Running /scripts/local-premount ... Scanning for Btrfs filesystems
done.
Warning: fsck not present, so sk[   25.930292] EXT4-fs (sda1): mounted filesystem with ordered data mode. Opts: (null)
ipping root file system
done.
Begin: Running /scripts/local-bottom ... done.
Begin: Running /scripts/init-bottom ... done.
[   26.266514] systemd[1]: systemd 229 running in system mode. (+PAM +AUDIT +SELINUX +IMA +APPARMOR +SMACK +SYSVINIT +UTMP +LIBCRYPTSETUP +GCRYPT +GNUTLS +ACL +XZ -LZ4 +SECCOMP +BLKID +ELFUTILS +KMOD -IDN)
[   26.582956] systemd[1]: Detected virtualization oracle.
[   26.682908] systemd[1]: Detected architecture x86-64.

Welcome to [1mUbuntu 16.04.3 LTS[0m!

[   26.808859] systemd[1]: Set hostname to <ubuntu-xenial>.
[   27.158719] systemd[1]: Started Trigger resolvconf update for networkd DNS.
[[0;32m  OK  [0m] Started Trigger resolvconf update for networkd DNS.
[   27.355897] systemd[1]: Listening on LVM2 poll daemon socket.
[[0;32m  OK  [0m] Listening on LVM2 poll daemon socket.
[   27.488464] systemd[1]: Reached target Swap.
[[0;32m  OK  [0m] Reached target Swap.
[   27.559610] systemd[1]: Reached target User and Group Name Lookups.
[[0;32m  OK  [0m] Reached target User and Group Name Lookups.
[   27.725023] systemd[1]: Listening on LVM2 metadata daemon socket.
[[0;32m  OK  [0m] Listening on LVM2 metadata daemon socket.
[   27.760285] systemd[1]: Listening on Journal Socket (/dev/log).
[[0;32m  OK  [0m] Listening on Journal Socket (/dev/log).
[   27.836211] systemd[1]: Set up automount Arbitrary Executable File Formats File System Automount Point.
[[0;32m  OK  [0m] Set up automount Arbitrary Executab...ats File System Automount Point.
[   27.914103] systemd[1]: Started Forward Password Requests to Wall Directory Watch.
[[0;32m  OK  [0m] Started Forward Password Requests to Wall Directory Watch.
[   27.968625] systemd[1]: Reached target Encrypted Volumes.
[[0;32m  OK  [0m] Reached target Encrypted Volumes.
[   28.017324] systemd[1]: Listening on Journal Socket.
[[0;32m  OK  [0m] Listening on Journal Socket.
[   28.076771] systemd[1]: Listening on Journal Audit Socket.
[[0;32m  OK  [0m] Listening on Journal Audit Socket.
[   28.188228] systemd[1]: Listening on udev Kernel Socket.
[[0;32m  OK  [0m] Listening on udev Kernel Socket.
[   28.243824] systemd[1]: Listening on Syslog Socket.
[[0;32m  OK  [0m] Listening on Syslog Socket.
[   28.300124] systemd[1]: Listening on /dev/initctl Compatibility Named Pipe.
[[0;32m  OK  [0m] Listening on /dev/initctl Compatibility Named Pipe.
[   28.385574] systemd[1]: Created slice User and Session Slice.
[[0;32m  OK  [0m] Created slice User and Session Slice.
[   28.460461] systemd[1]: Listening on Device-mapper event daemon FIFOs.
[[0;32m  OK  [0m] Listening on Device-mapper event daemon FIFOs.
[   28.515894] systemd[1]: Listening on udev Control Socket.
[[0;32m  OK  [0m] Listening on udev Control Socket.
[   28.604385] systemd[1]: Created slice System Slice.
[[0;32m  OK  [0m] Created slice System Slice.
[   28.663843] systemd[1]: Starting Load Kernel Modules...
[   28.736772] Loading iSCSI transport class v2.0-870.
         Startin[   28.869685] iscsi: registered transport (tcp)
g Load Kernel Mo[   28.902903] random: nonblocking pool is initialized
dules...
[   28.967558] systemd[1]: Mounting POSIX Message Queue File System...
         Mounting POSIX Message [   29.036797] iscsi: registered transport (iser)
Queue File System...
[   29.080371] systemd[1]: Starting Remount Root and Kernel File Systems...
[   29.102144] EXT4-fs (sda1): re-mounted. Opts: (null)
         Starting Remount Root and Kernel File Systems...
[   29.191972] systemd[1]: Reached target Slices.
[[0;32m  OK  [0m] Reached target Slices.
[   29.251780] systemd[1]: Starting Monitoring of LVM2 mirrors, snapshots etc. using dmeventd or progress polling...
         Starting Monitoring of LVM2 mirrors... dmeventd or progress polling...
[   29.387678] systemd[1]: Starting Create list of required static device nodes for the current kernel...
         Starting Create list of required st... nodes for the current kernel...
[   29.451567] systemd[1]: Starting Uncomplicated firewall...
         Starting Uncomplicated firewall...
[   29.484961] systemd[1]: Starting Set console keymap...
         Starting Set console keymap...
[   29.599576] systemd[1]: Mounting Huge Pages File System...
         Mounting Huge Pages File System...
[   29.720080] systemd[1]: Starting Journal Service...
         Starting Journal Service...
[   29.851640] systemd[1]: Starting Nameserver information manager...
         Starting Nameserver information manager...
[   29.979953] systemd[1]: Mounting Debug File System...
         Mounting Debug File System...
[   30.120433] systemd[1]: Created slice system-serial\x2dgetty.slice.
[[0;32m  OK  [0m] Created slice system-serial\x2dgetty.slice.
[   30.212780] systemd[1]: Mounted POSIX Message Queue File System.
[[0;32m  OK  [0m] Mounted POSIX Message Queue File System.
[   30.295852] systemd[1]: Mounted Huge Pages File System.
[[0;32m  OK  [0m] Mounted Huge Pages File System.
[   30.459772] systemd[1]: Mounted Debug File System.
[[0;32m  OK  [0m] Mounted Debug File System.
[   30.516123] systemd[1]: Started Journal Service.
[[0;32m  OK  [0m] Started Journal Service.
[[0;32m  OK  [0m] Started Load Kernel Modules.
[[0;32m  OK  [0m] Started Remount Root and Kernel File Systems.
[[0;32m  OK  [0m] Started Create list of required sta...ce nodes for the current kernel.
[[0;32m  OK  [0m] Started Uncomplicated firewall.
[[0;32m  OK  [0m] Started Set console keymap.
>>>>>>> 342cf52d2a85cc0f28b93efa0c6fc6cd84a1812f
[[0;32m  OK  [0m] Started Nameserver information manager.
[   20.587142] systemd[1]: Started Journal Service.
[[0;32m  OK  [0m] Started Journal Service.
[[0;32m  OK  [0m] Started LVM2 metadata daemon.
         Starting Create Static Device Nodes in /dev...
         Starting Initial cloud-init job (pre-networking)...
<<<<<<< HEAD
=======
         Starting Load/Save Random Seed...
         Starting udev Coldplug all Devices...
         Mounting FUSE Control File System...
         Starting Apply Kernel Variables...
>>>>>>> 342cf52d2a85cc0f28b93efa0c6fc6cd84a1812f
         Starting Flush Journal to Persistent Storage...
         Starting udev Coldplug all Devices...
         Starting Load/Save Random Seed...
         Starting Apply Kernel Variables...
         Mounting FUSE Control File System...
[[0;32m  OK  [0m] Mounted FUSE Control File System.
<<<<<<< HEAD
[   21.025059] systemd-journald[396]: Received request to flush runtime journal from PID 1
[[0;32m  OK  [0m] Started Flush Journal to Persistent Storage.
=======
[[0;32m  OK  [0m] Started Monitoring of LVM2 mirrors,...ng dmeventd or progress polling.
[[0;32m  OK  [0m] Started Create Static Device Nodes in /dev.
>>>>>>> 342cf52d2a85cc0f28b93efa0c6fc6cd84a1812f
[[0;32m  OK  [0m] Started Load/Save Random Seed.
[[0;32m  OK  [0m] Started Apply Kernel Variables.
[[0;32m  OK  [0m] Started udev Coldplug all Devices.
<<<<<<< HEAD
[[0;32m  OK  [0m] Started Monitoring of LVM2 mirrors,...ng dmeventd or progress polling.
[[0;32m  OK  [0m] Started Create Static Device Nodes in /dev.
=======
[[0;32m  OK  [0m] Started Flush Journal to Persistent Storage.
>>>>>>> 342cf52d2a85cc0f28b93efa0c6fc6cd84a1812f
         Starting udev Kernel Device Manager...
[[0;32m  OK  [0m] Started Apply Kernel Variables.
[[0;32m  OK  [0m] Started udev Kernel Device Manager.
[[0;32m  OK  [0m] Reached target Local File Systems (Pre).
[[0;32m  OK  [0m] Reached target Local File Systems.
         Starting Create Volatile Files and Directories...
         Starting LSB: AppArmor initialization...
         Starting Tell Plymouth To Write Out Runtime Data...
         Starting Set console font and keymap...
         Starting Tell Plymouth To Write Out Runtime Data...
[[0;32m  OK  [0m] Started Dispatch Password Requests to Console Directory Watch.
<<<<<<< HEAD
[[0;32m  OK  [0m] Started Tell Plymouth To Write Out Runtime Data.
[[0;32m  OK  [0m] Found device /dev/ttyS0.
[[0;32m  OK  [0m] Started Create Volatile Files and Directories.
[[0;32m  OK  [0m] Reached target System Time Synchronized.
         Starting Update UTMP about System Boot/Shutdown...
[[0;32m  OK  [0m] Found device 82540EM Gigabit Ethern...r (PRO/1000 MT Desktop Adapter).
[[0;32m  OK  [0m] Found device 82540EM Gigabit Ethern...r (PRO/1000 MT Desktop Adapter).
[[0;32m  OK  [0m] Started Update UTMP about System Boot/Shutdown.
[[0;32m  OK  [0m] Started Set console font and keymap.
[[0;32m  OK  [0m] Created slice system-getty.slice.
[[0;32m  OK  [0m] Listening on Load/Save RF Kill Switch Status /dev/rfkill Watch.
[[0;32m  OK  [0m] Started LSB: AppArmor initialization.
[   24.505233] cloud-init[434]: Cloud-init v. 17.1 running 'init-local' at Mon, 04 Dec 2017 14:00:58 +0000. Up 23.96 seconds.
=======
[[0;32m  OK  [0m] Started Create Volatile Files and Directories.
[[0;32m  OK  [0m] Started Tell Plymouth To Write Out Runtime Data.
         Starting Update UTMP about System Boot/Shutdown...
[[0;32m  OK  [0m] Reached target System Time Synchronized.
[[0;32m  OK  [0m] Started LSB: AppArmor initialization.
[[0;32m  OK  [0m] Started Update UTMP about System Boot/Shutdown.
[[0;32m  OK  [0m] Found device /dev/ttyS0.
[[0;32m  OK  [0m] Listening on Load/Save RF Kill Switch Status /dev/rfkill Watch.
[[0;32m  OK  [0m] Started Set console font and keymap.
[   25.046606] cloud-init[447]: Cloud-init v. 17.1 running 'init-local' at Mon, 04 Dec 2017 13:21:15 +0000. Up 24.49 seconds.
[[0;32m  OK  [0m] Found device 82540EM Gigabit Ethern...r (PRO/1000 MT Desktop Adapter).
>>>>>>> 342cf52d2a85cc0f28b93efa0c6fc6cd84a1812f
[[0;32m  OK  [0m] Started Initial cloud-init job (pre-networking).
[[0;32m  OK  [0m] Found device 82540EM Gigabit Ethern...r (PRO/1000 MT Desktop Adapter).
[[0;32m  OK  [0m] Reached target Network (Pre).
[[0;32m  OK  [0m] Started ifup for enp0s8.
         Starting Raise network interfaces...
[[0;32m  OK  [0m] Started ifup for enp0s3.
<<<<<<< HEAD
[[0;32m  OK  [0m] Started ifup for enp0s8.
[[0;32m  OK  [0m] Started Raise network interfaces.
[[0;32m  OK  [0m] Reached target Network.
         Starting Initial cloud-init job (metadata service crawler)...
[   26.300616] cloud-init[1054]: Cloud-init v. 17.1 running 'init' at Mon, 04 Dec 2017 14:01:00 +0000. Up 25.42 seconds.
[   26.309450] cloud-init[1054]: ci-info: ++++++++++++++++++++++++++++++++++++++Net device info++++++++++++++++++++++++++++++++++++++
[   26.380447] [cloud-init[0;32m  OK  [0m[1054]: ] ci-info: +--------+------+-----------------------------+---------------+-------+-------------------+Started Initial cloud-init job (metadata service crawler).

[   26.380962] cloud-init[1054]: ci-info: | Device |  Up  |           Address           |      Mask     | Scope |     Hw-Address    |
[   26.420390] [cloud-init[0;32m  OK  [0m[1054]: ] ci-info: +--------+------+-----------------------------+---------------+-------+-------------------+Reached target System Initialization.

         Starting Socket activation for snappy daemon.
[   26.421077] cloud-init[1054]: ci-info: | enp0s3 | True |          10.0.2.15          | 255.255.255.0 |   .   | 02:b9:83:f0:a4:db |
[   26.531292]          Starting LXD - unix socket.
[[0;32m  OK  [0m] Listening on UUID daemon activation socket.
[[0;32m  OK  [0m] Started Daily Cleanup of Temporary Directories.
[[0;32m  OK  [0m] Listening on ACPID Listen Socket.
cloud-init[1054]: ci-info: | enp0s3 | True |  fe80::b9:83ff:fef0:a4db/64 |       .       |  link | 02:b9:83:f0:a4:db |
[   26.541998] cloud-init[1054]: ci-info: | enp0s8 | True |        192.168.100.34       | 255.255.255.0 |   .   | 08:00:27:cb:35:5f |
[   26.544234] cloud-init[1054]: ci-info: | enp0s8 | True | fe80::a00:27ff:fecb:355f/64 |       .       |  link | 08:00:27:cb:35:5f |
[   26.558796] [[0;32m  OK  [0m] Started ACPI Events Check.
[[0;32m  OK  [0m] Reached target Paths.
[[0;32m  OK  [0m] Listening on D-Bus System Message Bus Socket.
cloud-init[1054]: ci-info: |   lo   | True |          127.0.0.1          |   255.0.0.0   |   .   |         .         |
[   26.615700] [[0;32m  OK  [0m] Started Timer to automatically refresh installed snaps.
cloud-init[1054]: ci-info: |   lo   | True |           ::1/128           |       .       |  host |         .         |
[   26.635825] [[0;32m  OK  [0m] Reached target Cloud-config availability.
[[0;32m  OK  [0m] Reached target Network is Online.
cloud-init[1054]: ci-info: +--------+------+-----------------------------+---------------+-------+-------------------+
[   26.684481]          cloud-initStarting iSCSI initiator daemon (iscsid)...[1054]: 
ci-info: ++++++++++++++++++++++++++++Route IPv4 info+++++++++++++++++++++++++++++
[   26.697976] [cloud-init[0;32m  OK  [0m[1054]: ] ci-info: +-------+---------------+----------+---------------+-----------+-------+Started Daily apt download activities.

[[0;32m  OK  [0m] Started Daily apt upgrade and clean activities.
[[0;32m  OK  [0m] Reached target Timers.
[   26.698550] [[0;32m  OK  [0m] Listening on Socket activation for snappy daemon.
[[0;32m  OK  [0m] Listening on LXD - unix socket.
cloud-init[1054]: ci-info: | Route |  Destination  | Gateway  |    Genmask    | Interface | Flags |
[   26.795870] [[0;32m  OK  [0m] Reached target Sockets.
[[0;32m  OK  [0m] Reached target Basic System.
cloud-init[1054]: ci-info: +-------+---------------+----------+---------------+-----------+-------+
[   26.860692] [[0;32m  OK  [0m] Started FUSE filesystem for LXC.
cloud-init[1054]: ci-info: |   0   |    0.0.0.0    | 10.0.2.2 |    0.0.0.0    |   enp0s3  |   UG  |
[   26.885178]          cloud-initStarting Accounts Service...[1054]: 
ci-info: |   1   |    10.0.2.0   | 0.0.0.0  | 255.255.255.0 |   enp0s3  |   U   |
[   26.891194] cloud-init[1054]: ci-info: |   2   | 192.168.100.0 | 0.0.0.0  | 255.255.255.0 |   enp0s8  |   U   |
         Starting Apply the settings specified in cloud-config...
[   26.932753] cloud-init[1054]: ci-info: +-------+---------------+----------+---------------+-----------+-------+
[[0;32m  OK  [0m] Started Regular background program processing daemon.
[[0;32m  OK  [0m] Started Deferred execution scheduler.
[[0;32m  OK  [0m] Started ACPI event daemon.
         Starting LSB: Record successful boot for GRUB...
         Starting /etc/rc.local Compatibility...
         Starting LSB: MD monitoring daemon...
         Starting System Logging Service...
         Starting OpenBSD Secure Shell server...
[[0;32m  OK  [0m] Started D-Bus System Message Bus.
         Starting LXD - container startup/shutdown...
         Starting Login Service...
[[0;32m  OK  [0m] Started Unattended Upgrades Shutdown.
         Starting Snappy daemon...
[[0;32m  OK  [0m] Started System Logging Service.
[[0;32m  OK  [0m] Started OpenBSD Secure Shell server.
[[0;32m  OK  [0m] Started iSCSI initiator daemon (iscsid).
[[0;32m  OK  [0m] Started /etc/rc.local Compatibility.
[   27.940209] cloud-init[1117]: Cloud-init v. 17.1 running 'modules:config' at Mon, 04 Dec 2017 14:01:02 +0000. Up 27.41 seconds.
         Starting Login to default iSCSI targets...
[[0;32m  OK  [0m] Started Apply the settings specified in cloud-config.
         Starting Authenticate and Authorize Users to Run Privileged Tasks...
[[0;32m  OK  [0m] Started Login Service.
[[0;32m  OK  [0m] Started LSB: Record successful boot for GRUB.
[[0;32m  OK  [0m] Started LSB: MD monitoring daemon.
[[0;32m  OK  [0m] Started Authenticate and Authorize Users to Run Privileged Tasks.
[[0;32m  OK  [0m] Started Accounts Service.
=======
[[0;32m  OK  [0m] Created slice system-getty.slice.
[[0;32m  OK  [0m] Started Raise network interfaces.
[[0;32m  OK  [0m] Reached target Network.
         Starting Initial cloud-init job (metadata service crawler)...
[   27.757894] cloud-init[1056]: Cloud-init v. 17.1 running 'init' at Mon, 04 Dec 2017 13:21:17 +0000. Up 27.36 seconds.
[   27.889194] cloud-init[1056]: ci-info: ++++++++++++++++++++++++++++++++++++++Net device info++++++++++++++++++++++++++++++++++++++
[   27.889933] cloud-init[1056]: ci-info: +--------+------+-----------------------------+---------------+-------+-------------------+
[[0;32m  OK  [0m] Started Initial cloud-init job (metadata service crawler).
[   27.890245] cloud-init[1056]: ci-info: | Device |  Up  |           Address           |      Mask     | Scope |     Hw-Address    |
[   28.208837] cloud-init[1056]: ci-info: +--------+------+-----------------------------+---------------+-------+-------------------+
[   28.209364] cloud-init[1056]: ci-info: | enp0s3 | True |          10.0.2.15          | 255.255.255.0 |   .   | 02:b9:83:f0:a4:db |
[[0;32m  OK  [0m] Reached target Network is Online.
[   28.209765] cloud-init[1056]: ci-info: | enp0s3 | True |  fe80::b9:83ff:fef0:a4db/64 |       .       |  link | 02:b9:83:f0:a4:db |
[   28.568597] cloud-init[1056]: ci-info: | enp0s8 | True |         192.168.0.34        | 255.255.255.0 |   .   | 08:00:27:ca:60:0c |
         [   28.569261] Starting iSCSI initiator daemon (iscsid)...cloud-init
[1056]: ci-info: | enp0s8 | True | fe80::a00:27ff:feca:600c/64 |       .       |  link | 08:00:27:ca:60:0c |
[   28.832622] cloud-init[1056]: ci-info: |   lo   | True |          127.0.0.1          |   255.0.0.0   |   .   |         .         |
[   28.833257] cloud-init[1056]: ci-info: |   lo   | True |           ::1/128           |       .       |  host |         .         |
[[0;32m  OK  [0m] Reached target System Initialization.
[   28.833531] cloud-init[1056]: ci-info: +--------+------+-----------------------------+---------------+-------+-------------------+
[   29.229115] cloud-init[1056]: ci-info: +++++++++++++++++++++++++++Route IPv4 info++++++++++++++++++++++++++++
[   29.229837] cloud-init[1056]: ci-info: +-------+-------------+----------+---------------+-----------+-------+
[[0;32m  OK  [0m] Started ACPI Events Check.
[[   29.230367] cloud-init[1056]: ci-info: | Route | Destination | Gateway  |    Genmask    | Interface | Flags |
[   29.449428] cloud-init[1056]: ci-info: +-------+-------------+----------+---------------+-----------+-------+
[0;32m  OK  [0m] Reached target Paths.
[   29.449590] cloud-init[1056]: ci-info: |   0   |   0.0.0.0   | 10.0.2.2 |    0.0.0.0    |   enp0s3  |   UG  |
[   29.649676] cloud-init[1056]: ci-info: |   1   |   10.0.2.0  | 0.0.0.0  | 255.255.255.0 |   enp0s3  |   U   |
[[0;32m  OK  [0m] Listening on D-Bus System Message Bus Socket.
[   29.650276] cloud-init[1056]: ci-info: |   2   | 192.168.0.0 | 0.0.0.0  | 255.255.255.0 |   enp0s8  |   U   |
[   29.996708] cloud-init[1056]: ci-info: +-------+-------------+----------+---------------+-----------+-------+
         Starting Socket activation for snappy daemon.
[[0;32m  OK  [0m] Started Timer to automatically refresh installed snaps.
[[0;32m  OK  [0m] Started Daily apt download activities.
[[0;32m  OK  [0m] Started Daily apt upgrade and clean activities.
[[0;32m  OK  [0m] Listening on UUID daemon activation socket.
[[0;32m  OK  [0m] Started Daily Cleanup of Temporary Directories.
[[0;32m  OK  [0m] Reached target Timers.
[[0;32m  OK  [0m] Listening on ACPID Listen Socket.
         Starting LXD - unix socket.
[[0;32m  OK  [0m] Reached target Cloud-config availability.
[[0;32m  OK  [0m] Listening on Socket activation for snappy daemon.
[[0;32m  OK  [0m] Listening on LXD - unix socket.
[[0;32m  OK  [0m] Started iSCSI initiator daemon (iscsid).
         Starting Login to default iSCSI targets...
[[0;32m  OK  [0m] Reached target Sockets.
[[0;32m  OK  [0m] Reached target Basic System.
         Starting System Logging Service...
         Starting /etc/rc.local Compatibility...
[[0;32m  OK  [0m] Started Deferred execution scheduler.
[[0;32m  OK  [0m] Started Regular background program processing daemon.
[[0;32m  OK  [0m] Started D-Bus System Message Bus.
         Starting Login Service...
         Starting LSB: Record successful boot for GRUB...
         Starting Apply the settings specified in cloud-config...
         Starting LXD - container startup/shutdown...
[[0;32m  OK  [0m] Started ACPI event daemon.
[[0;32m  OK  [0m] Started Unattended Upgrades Shutdown.
[[0;32m  OK  [0m] Started FUSE filesystem for LXC.
         Starting OpenBSD Secure Shell server...
         Starting LSB: MD monitoring daemon...
         Starting Accounts Service...
         Starting Snappy daemon...
[[0;32m  OK  [0m] Started System Logging Service.
[[0;32m  OK  [0m] Started OpenBSD Secure Shell server.
[[0;32m  OK  [0m] Started /etc/rc.local Compatibility.
[[0;32m  OK  [0m] Started LXD - container startup/shutdown.
[[0;32m  OK  [0m] Started Snappy daemon.
>>>>>>> 342cf52d2a85cc0f28b93efa0c6fc6cd84a1812f
[[0;32m  OK  [0m] Started Login to default iSCSI targets.
[[0;32m  OK  [0m] Started LSB: Record successful boot for GRUB.
[   32.247388] cloud-init[1139]: Cloud-init v. 17.1 running 'modules:config' at Mon, 04 Dec 2017 13:21:22 +0000. Up 31.91 seconds.
[[0;32m  OK  [0m] Started Apply the settings specified in cloud-config.
[[0;32m  OK  [0m] Started LSB: MD monitoring daemon.
[[0;32m  OK  [0m] Started Login Service.
         Starting Authenticate and Authorize Users to Run Privileged Tasks...
[[0;32m  OK  [0m] Reached target Remote File Systems (Pre).
[[0;32m  OK  [0m] Reached target Remote File Systems.
<<<<<<< HEAD
         Starting Permit User Sessions...
=======
>>>>>>> 342cf52d2a85cc0f28b93efa0c6fc6cd84a1812f
         Starting LSB: Set the CPU Frequency Scaling governor to "ondemand"...
         Starting LSB: automatic crash report generation...
         Starting LSB: VirtualBox Linux Additions...
<<<<<<< HEAD
         Starting LSB: daemon to balance interrupts for SMP systems...
[[0;32m  OK  [0m] Started LSB: Set the CPU Frequency Scaling governor to "ondemand".
[[0;32m  OK  [0m] Started Permit User Sessions.
         Starting Hold until boot process finishes up...
         Starting Terminate Plymouth Boot Screen...
[[0;32m  OK  [0m] Started Hold until boot process finishes up.
[[0;32m  OK  [0m] Started Terminate Plymouth Boot Screen.
[[0;32m  OK  [0m] Started Getty on tty1.
=======
         Starting Permit User Sessions...
         Starting LSB: automatic crash report generation...
         Starting LSB: daemon to balance interrupts for SMP systems...
[[0;32m  OK  [0m] Started Permit User Sessions.
[[0;32m  OK  [0m] Started Authenticate and Authorize Users to Run Privileged Tasks.
[[0;32m  OK  [0m] Started Accounts Service.
[[0;32m  OK  [0m] Started LSB: Set the CPU Frequency Scaling governor to "ondemand".
         Starting Terminate Plymouth Boot Screen...
         Starting Hold until boot process finishes up...
[[0;32m  OK  [0m] Started LSB: VirtualBox Linux Additions.
[[0;32m  OK  [0m] Started LSB: automatic crash report generation.
[[0;32m  OK  [0m] Started LSB: daemon to balance interrupts for SMP systems.
[[0;32m  OK  [0m] Started Terminate Plymouth Boot Screen.
[[0;32m  OK  [0m] Started Hold until boot process finishes up.
>>>>>>> 342cf52d2a85cc0f28b93efa0c6fc6cd84a1812f
[[0;32m  OK  [0m] Started Serial Getty on ttyS0.
         Starting Set console scheme...
[[0;32m  OK  [0m] Started Getty on tty1.
[[0;32m  OK  [0m] Reached target Login Prompts.
<<<<<<< HEAD
         Starting Set console scheme...
[[0;32m  OK  [0m] Started Set console scheme.
[[0;32m  OK  [0m] Started LSB: daemon to balance interrupts for SMP systems.
[[0;32m  OK  [0m] Started LSB: automatic crash report generation.
[[0;32m  OK  [0m] Created slice User Slice of ubuntu.
         Starting User Manager for UID 1000...
[[0;32m  OK  [0m] Started Session 1 of user ubuntu.
[[0;32m  OK  [0m] Started LSB: VirtualBox Linux Additions.
[[0;32m  OK  [0m] Started User Manager for UID 1000.
[[0;32m  OK  [0m] Started Snappy daemon.
[[0;32m  OK  [0m] Started LXD - container startup/shutdown.
=======
>>>>>>> 342cf52d2a85cc0f28b93efa0c6fc6cd84a1812f
[[0;32m  OK  [0m] Reached target Multi-User System.
         Starting Execute cloud user/final scripts...
[[0;32m  OK  [0m] Reached target Graphical Interface.
         Starting Update UTMP about System Runlevel Changes...
<<<<<<< HEAD
         Starting Execute cloud user/final scripts...
[[0;32m  OK  [0m] Started Update UTMP about System Runlevel Changes.
[   32.455655] cloud-init[1346]: Cloud-init v. 17.1 running 'modules:final' at Mon, 04 Dec 2017 14:01:06 +0000. Up 32.23 seconds.
[   32.491850] cloud-init[1346]: Cloud-init v. 17.1 finished at Mon, 04 Dec 2017 14:01:07 +0000. Datasource DataSourceNoCloud [seed=/dev/sdb][dsmode=net].  Up 32.44 seconds
[[0;32m  OK  [0m] Started Execute cloud user/final scripts.
         Starting Daily apt download activities...
[[0;32m  OK  [0m] Reached target Cloud-init target.
=======
[[0;32m  OK  [0m] Started Set console scheme.
[[0;32m  OK  [0m] Started Update UTMP about System Runlevel Changes.
[   34.050056] cloud-init[1284]: Cloud-init v. 17.1 running 'modules:final' at Mon, 04 Dec 2017 13:21:24 +0000. Up 33.88 seconds.
[   34.133000] [cloud-init[0;32m  OK  [0m[1284]: ] Cloud-init v. 17.1 finished at Mon, 04 Dec 2017 13:21:24 +0000. Datasource DataSourceNoCloud [seed=/dev/sdb][dsmode=net].  Up 34.04 secondsStarted Execute cloud user/final scripts.

[[0;32m  OK  [0m] Reached target Cloud-init target.
         Starting Daily apt download activities...
[[0;32m  OK  [0m] Created slice User Slice of ubuntu.
         Starting User Manager for UID 1000...
[[0;32m  OK  [0m] Started User Manager for UID 1000.
[[0;32m  OK  [0m] Started Session 1 of user ubuntu.
         Stopping User Manager for UID 1000...
[[0;32m  OK  [0m] Stopped User Manager for UID 1000.
[[0;32m  OK  [0m] Removed slice User Slice of ubuntu.
>>>>>>> 342cf52d2a85cc0f28b93efa0c6fc6cd84a1812f

Ubuntu 16.04.3 LTS ubuntu-xenial ttyS0

ubuntu-xenial login: 